------------------------------------------------------------------------------------------------------------------------

[odb:store:info] Database 'G:\_hsr\schule\SE\SE2P\gymtastic\Gymtastic\GymtasticApp\db\gymtastic.odb' is opened by 4724@jules-EliteBook
[odb:type:warning] Type domain.Squad is not enhanced.
[odb:type:warning] Type domain.Person is not enhanced.
[odb:type:warning] Type domain.Athlet is not enhanced.
[odb:type:warning] Type domain.Association is not enhanced.
[odb:type:warning] Type domain.Mark is not enhanced.
[odb:store:info] Database 'G:\_hsr\schule\SE\SE2P\gymtastic\Gymtastic\GymtasticApp\db\gymtastic.odb' is closed by 4724@jules-EliteBook
[odb:store:info] Database 'G:\_hsr\schule\SE\SE2P\gymtastic\Gymtastic\GymtasticApp\db\gymtastic.odb' is opened by 4724@jules-EliteBook
[odb:store:info] Database 'G:\_hsr\schule\SE\SE2P\gymtastic\Gymtastic\GymtasticApp\db\gymtastic.odb' is closed by 4724@jules-EliteBook
[odb:store:info] Database 'G:\_hsr\schule\SE\SE2P\gymtastic\Gymtastic\GymtasticApp\db\gymtastic.odb' is opened by 4724@jules-EliteBook
[odb:store:info] Database 'G:\_hsr\schule\SE\SE2P\gymtastic\Gymtastic\GymtasticApp\db\gymtastic.odb' is closed by 4724@jules-EliteBook
------------------------------------------------------------------------------------------------------------------------

[odb:store:info] Database 'G:\_hsr\schule\SE\SE2P\gymtastic\Gymtastic\GymtasticApp\db\gymtastic.odb' is opened by 168@jules-EliteBook
[odb:type:warning] Type domain.Squad is not enhanced.
[odb:type:warning] Type domain.Person is not enhanced.
[odb:type:warning] Type domain.Athlet is not enhanced.
[odb:type:warning] Type domain.Association is not enhanced.
[odb:type:warning] Type domain.Mark is not enhanced.
[odb:store:info] Database 'G:\_hsr\schule\SE\SE2P\gymtastic\Gymtastic\GymtasticApp\db\gymtastic.odb' is closed by 168@jules-EliteBook
[odb:store:info] Database 'G:\_hsr\schule\SE\SE2P\gymtastic\Gymtastic\GymtasticApp\db\gymtastic.odb' is opened by 168@jules-EliteBook
[odb:store:info] Database 'G:\_hsr\schule\SE\SE2P\gymtastic\Gymtastic\GymtasticApp\db\gymtastic.odb' is closed by 168@jules-EliteBook
[odb:store:info] Database 'G:\_hsr\schule\SE\SE2P\gymtastic\Gymtastic\GymtasticApp\db\gymtastic.odb' is opened by 168@jules-EliteBook
[odb:store:info] Database 'G:\_hsr\schule\SE\SE2P\gymtastic\Gymtastic\GymtasticApp\db\gymtastic.odb' is closed by 168@jules-EliteBook
------------------------------------------------------------------------------------------------------------------------

[odb:store:info] Database 'G:\_hsr\schule\SE\SE2P\gymtastic\Gymtastic\GymtasticApp\db\gymtastic.odb' is opened by 5720@jules-EliteBook
[odb:type:warning] Type domain.Squad is not enhanced.
[odb:type:warning] Type domain.Person is not enhanced.
[odb:type:warning] Type domain.Athlet is not enhanced.
[odb:type:warning] Type domain.Association is not enhanced.
[odb:type:warning] Type domain.Mark is not enhanced.
[odb:store:info] Database 'G:\_hsr\schule\SE\SE2P\gymtastic\Gymtastic\GymtasticApp\db\gymtastic.odb' is closed by 5720@jules-EliteBook
[odb:store:info] Database 'G:\_hsr\schule\SE\SE2P\gymtastic\Gymtastic\GymtasticApp\db\gymtastic.odb' is opened by 5720@jules-EliteBook
[odb:store:info] Database 'G:\_hsr\schule\SE\SE2P\gymtastic\Gymtastic\GymtasticApp\db\gymtastic.odb' is closed by 5720@jules-EliteBook
[odb:store:info] Database 'G:\_hsr\schule\SE\SE2P\gymtastic\Gymtastic\GymtasticApp\db\gymtastic.odb' is opened by 5720@jules-EliteBook
[odb:store:info] Database 'G:\_hsr\schule\SE\SE2P\gymtastic\Gymtastic\GymtasticApp\db\gymtastic.odb' is closed by 5720@jules-EliteBook
