------------------------------------------------------------------------------------------------------------------------

[odb:store:info] Database '/home/ggrassi/Dokumente/java/sep/Gymtastic/GymtasticApp/objectdb-2.2.0/jars/db/points.odb' is opened by 4870@ggrassiPC
[odb:type:warning] Type domain.Squad is not enhanced.
[odb:type:warning] Type domain.Person is not enhanced.
[odb:type:warning] Type domain.Athlet is not enhanced.
[odb:type:warning] Type domain.Mark is not enhanced.
------------------------------------------------------------------------------------------------------------------------

[odb:store:info] Database '/home/ggrassi/Dokumente/java/sep/Gymtastic/GymtasticApp/objectdb-2.2.0/jars/db/points.odb' is opened by 4924@ggrassiPC
[odb:type:warning] Type domain.Squad is not enhanced.
[odb:type:warning] Type domain.Person is not enhanced.
[odb:type:warning] Type domain.Athlet is not enhanced.
[odb:type:warning] Type domain.Association is not enhanced.
[odb:type:warning] Type domain.Mark is not enhanced.
[odb:*:fatal] java.lang.NullPointerException
	at com.objectdb.o.TYM.aq(TYM.java:840)
	at com.objectdb.o.TVS.g(TVS.java:93)
	at com.objectdb.jpa.EMImpl.remove(EMImpl.java:374)
	at domain.Main.main(Main.java:45)

------------------------------------------------------------------------------------------------------------------------

[odb:store:info] Database '/home/ggrassi/Dokumente/java/sep/Gymtastic/GymtasticApp/objectdb-2.2.0/jars/db/points.odb' is opened by 5048@ggrassiPC
[odb:type:warning] Type domain.Squad is not enhanced.
[odb:type:warning] Type domain.Person is not enhanced.
[odb:type:warning] Type domain.Athlet is not enhanced.
[odb:type:warning] Type domain.Association is not enhanced.
[odb:type:warning] Type domain.Mark is not enhanced.
------------------------------------------------------------------------------------------------------------------------

[odb:store:info] Database '/home/ggrassi/Dokumente/java/sep/Gymtastic/GymtasticApp/objectdb-2.2.0/jars/db/points.odb' is opened by 5074@ggrassiPC
[odb:type:warning] Type domain.Squad is not enhanced.
[odb:type:warning] Type domain.Person is not enhanced.
[odb:type:warning] Type domain.Athlet is not enhanced.
[odb:type:warning] Type domain.Association is not enhanced.
[odb:type:warning] Type domain.Mark is not enhanced.
[odb:store:info] Database '/home/ggrassi/Dokumente/java/sep/Gymtastic/GymtasticApp/objectdb-2.2.0/jars/db/points.odb' is closed by 5074@ggrassiPC
------------------------------------------------------------------------------------------------------------------------

[odb:store:info] Database '/home/ggrassi/Dokumente/java/sep/Gymtastic/GymtasticApp/objectdb-2.2.0/jars/db/points.odb' is opened by 5127@ggrassiPC
[odb:type:warning] Type domain.Squad is not enhanced.
[odb:type:warning] Type domain.Person is not enhanced.
[odb:type:warning] Type domain.Athlet is not enhanced.
[odb:type:warning] Type domain.Association is not enhanced.
[odb:type:warning] Type domain.Mark is not enhanced.
[odb:store:info] Database '/home/ggrassi/Dokumente/java/sep/Gymtastic/GymtasticApp/objectdb-2.2.0/jars/db/points.odb' is closed by 5127@ggrassiPC
------------------------------------------------------------------------------------------------------------------------

[odb:store:info] Database '/home/ggrassi/Dokumente/java/sep/Gymtastic/GymtasticApp/objectdb-2.2.0/jars/db/points.odb' is opened by 5239@ggrassiPC
[odb:type:warning] Type domain.Squad is not enhanced.
[odb:type:warning] Type domain.Person is not enhanced.
[odb:type:warning] Type domain.Athlet is not enhanced.
[odb:type:warning] Type domain.Association is not enhanced.
[odb:type:warning] Type domain.Mark is not enhanced.
[odb:store:info] Database '/home/ggrassi/Dokumente/java/sep/Gymtastic/GymtasticApp/objectdb-2.2.0/jars/db/points.odb' is closed by 5239@ggrassiPC
------------------------------------------------------------------------------------------------------------------------

[odb:store:info] Database '/home/ggrassi/Dokumente/java/sep/Gymtastic/GymtasticApp/objectdb-2.2.0/jars/db/gymtastic.odb' is opened by 5759@ggrassiPC
[odb:type:warning] Type domain.Squad is not enhanced.
[odb:type:warning] Type domain.Person is not enhanced.
[odb:type:warning] Type domain.Athlet is not enhanced.
[odb:type:warning] Type domain.Association is not enhanced.
[odb:type:warning] Type domain.Mark is not enhanced.
------------------------------------------------------------------------------------------------------------------------

[odb:store:info] Database '/home/ggrassi/Dokumente/java/sep/Gymtastic/GymtasticApp/objectdb-2.2.0/jars/db/gymtastic.odb' is opened by 5826@ggrassiPC
[odb:type:warning] Type domain.Squad is not enhanced.
[odb:type:warning] Type domain.Person is not enhanced.
[odb:type:warning] Type domain.Athlet is not enhanced.
[odb:type:warning] Type domain.Association is not enhanced.
[odb:type:warning] Type domain.Mark is not enhanced.
------------------------------------------------------------------------------------------------------------------------

[odb:store:info] Database '/home/ggrassi/Dokumente/java/sep/Gymtastic/GymtasticApp/objectdb-2.2.0/jars/db/gymtastic.odb' is opened by 5854@ggrassiPC
[odb:type:warning] Type domain.Squad is not enhanced.
[odb:type:warning] Type domain.Person is not enhanced.
[odb:type:warning] Type domain.Athlet is not enhanced.
[odb:type:warning] Type domain.Association is not enhanced.
[odb:type:warning] Type domain.Mark is not enhanced.
------------------------------------------------------------------------------------------------------------------------

[odb:store:info] Database '/home/ggrassi/Dokumente/java/sep/Gymtastic/GymtasticApp/objectdb-2.2.0/jars/db/gymtastic.odb' is opened by 5897@ggrassiPC
[odb:type:warning] Type domain.Squad is not enhanced.
[odb:type:warning] Type domain.Person is not enhanced.
[odb:type:warning] Type domain.Athlet is not enhanced.
[odb:type:warning] Type domain.Association is not enhanced.
[odb:type:warning] Type domain.Mark is not enhanced.
------------------------------------------------------------------------------------------------------------------------

[odb:store:info] Database '/home/ggrassi/Dokumente/java/sep/Gymtastic/GymtasticApp/objectdb-2.2.0/jars/db/gymtastic.odb' is opened by 6176@ggrassiPC
[odb:type:warning] Type domain.Squad is not enhanced.
[odb:type:warning] Type domain.Person is not enhanced.
[odb:type:warning] Type domain.Athlet is not enhanced.
[odb:type:warning] Type domain.Association is not enhanced.
[odb:type:warning] Type domain.Mark is not enhanced.
------------------------------------------------------------------------------------------------------------------------

[odb:store:info] Database '/home/ggrassi/Dokumente/java/sep/Gymtastic/GymtasticApp/objectdb-2.2.0/jars/db/gymtastic.odb' is opened by 6205@ggrassiPC
[odb:type:warning] Type domain.Squad is not enhanced.
[odb:type:warning] Type domain.Person is not enhanced.
[odb:type:warning] Type domain.Athlet is not enhanced.
[odb:type:warning] Type domain.Association is not enhanced.
[odb:type:warning] Type domain.Mark is not enhanced.
[odb:store:info] Database '/home/ggrassi/Dokumente/java/sep/Gymtastic/GymtasticApp/objectdb-2.2.0/jars/db/gymtastic.odb' is closed by 6205@ggrassiPC
------------------------------------------------------------------------------------------------------------------------

[odb:store:info] Database '/home/ggrassi/Dokumente/java/sep/Gymtastic/GymtasticApp/objectdb-2.2.0/jars/db/gymtastic.odb' is opened by 6294@ggrassiPC
[odb:type:warning] Type domain.Squad is not enhanced.
[odb:type:warning] Type domain.Person is not enhanced.
[odb:type:warning] Type domain.Athlet is not enhanced.
[odb:type:warning] Type domain.Association is not enhanced.
[odb:type:warning] Type domain.Mark is not enhanced.
[odb:store:info] Database '/home/ggrassi/Dokumente/java/sep/Gymtastic/GymtasticApp/objectdb-2.2.0/jars/db/gymtastic.odb' is closed by 6294@ggrassiPC
------------------------------------------------------------------------------------------------------------------------

[odb:store:info] Database '/home/ggrassi/Dokumente/java/sep/Gymtastic/GymtasticApp/objectdb-2.2.0/jars/db/gymtastic.odb' is opened by 6327@ggrassiPC
[odb:type:warning] Type domain.Squad is not enhanced.
[odb:type:warning] Type domain.Person is not enhanced.
[odb:type:warning] Type domain.Athlet is not enhanced.
[odb:type:warning] Type domain.Association is not enhanced.
[odb:type:warning] Type domain.Mark is not enhanced.
------------------------------------------------------------------------------------------------------------------------

[odb:store:info] Database '/home/ggrassi/Dokumente/java/sep/Gymtastic/GymtasticApp/objectdb-2.2.0/jars/db/gymtastic.odb' is opened by 6505@ggrassiPC
[odb:type:warning] Type domain.Squad is not enhanced.
[odb:type:warning] Type domain.Person is not enhanced.
[odb:type:warning] Type domain.Athlet is not enhanced.
[odb:type:warning] Type domain.Association is not enhanced.
[odb:type:warning] Type domain.Mark is not enhanced.
------------------------------------------------------------------------------------------------------------------------

[odb:store:info] Database '/home/ggrassi/Dokumente/java/sep/Gymtastic/GymtasticApp/objectdb-2.2.0/jars/db/points.odb' is opened by 6552@ggrassiPC
[odb:type:warning] Type domain.Squad is not enhanced.
[odb:type:warning] Type domain.Person is not enhanced.
[odb:type:warning] Type domain.Athlet is not enhanced.
[odb:type:warning] Type domain.Association is not enhanced.
[odb:type:warning] Type domain.Mark is not enhanced.
------------------------------------------------------------------------------------------------------------------------

[odb:store:info] Database '/home/ggrassi/Dokumente/java/sep/Gymtastic/GymtasticApp/objectdb-2.2.0/jars/db/points.odb' is opened by 6587@ggrassiPC
[odb:type:warning] Type domain.Squad is not enhanced.
[odb:type:warning] Type domain.Person is not enhanced.
[odb:type:warning] Type domain.Athlet is not enhanced.
[odb:type:warning] Type domain.Association is not enhanced.
[odb:type:warning] Type domain.Mark is not enhanced.
[odb:store:info] Database '/home/ggrassi/Dokumente/java/sep/Gymtastic/GymtasticApp/objectdb-2.2.0/jars/db/points.odb' is closed by 6587@ggrassiPC
------------------------------------------------------------------------------------------------------------------------

[odb:store:info] Database '/home/ggrassi/Dokumente/java/sep/Gymtastic/GymtasticApp/objectdb-2.2.0/jars/db/gymtastic.odb' is opened by 6668@ggrassiPC
[odb:type:warning] Type domain.Squad is not enhanced.
[odb:type:warning] Type domain.Person is not enhanced.
[odb:type:warning] Type domain.Athlet is not enhanced.
[odb:type:warning] Type domain.Association is not enhanced.
[odb:type:warning] Type domain.Mark is not enhanced.
[odb:store:info] Database '/home/ggrassi/Dokumente/java/sep/Gymtastic/GymtasticApp/objectdb-2.2.0/jars/db/gymtastic.odb' is closed by 6668@ggrassiPC
------------------------------------------------------------------------------------------------------------------------

[odb:store:info] Database '/home/ggrassi/Dokumente/java/sep/Gymtastic/GymtasticApp/objectdb-2.2.0/jars/db/gymtastic.odb' is opened by 6719@ggrassiPC
[odb:type:warning] Type domain.Squad is not enhanced.
[odb:type:warning] Type domain.Person is not enhanced.
[odb:type:warning] Type domain.Athlet is not enhanced.
[odb:type:warning] Type domain.Association is not enhanced.
[odb:type:warning] Type domain.Mark is not enhanced.
[odb:store:info] Database '/home/ggrassi/Dokumente/java/sep/Gymtastic/GymtasticApp/objectdb-2.2.0/jars/db/gymtastic.odb' is closed by 6719@ggrassiPC
------------------------------------------------------------------------------------------------------------------------

[odb:store:info] Database '/home/ggrassi/Dokumente/java/sep/Gymtastic/GymtasticApp/objectdb-2.2.0/jars/db/gymtastic.odb' is opened by 7066@ggrassiPC
[odb:type:warning] Type domain.Squad is not enhanced.
[odb:type:warning] Type domain.Person is not enhanced.
[odb:type:warning] Type domain.Athlet is not enhanced.
[odb:type:warning] Type domain.Association is not enhanced.
[odb:type:warning] Type domain.Mark is not enhanced.
------------------------------------------------------------------------------------------------------------------------

[odb:store:info] Database '/home/ggrassi/Dokumente/java/sep/Gymtastic/GymtasticApp/objectdb-2.2.0/jars/db/gymtastic.odb' is opened by 7119@ggrassiPC
[odb:type:warning] Type domain.Squad is not enhanced.
[odb:type:warning] Type domain.Person is not enhanced.
[odb:type:warning] Type domain.Athlet is not enhanced.
[odb:type:warning] Type domain.Association is not enhanced.
[odb:type:warning] Type domain.Mark is not enhanced.
------------------------------------------------------------------------------------------------------------------------

[odb:store:info] Database '/home/ggrassi/Dokumente/java/sep/Gymtastic/GymtasticApp/objectdb-2.2.0/jars/db/gymtastic.odb' is opened by 7148@ggrassiPC
[odb:type:warning] Type domain.Squad is not enhanced.
[odb:type:warning] Type domain.Person is not enhanced.
[odb:type:warning] Type domain.Athlet is not enhanced.
[odb:type:warning] Type domain.Association is not enhanced.
[odb:type:warning] Type domain.Mark is not enhanced.
------------------------------------------------------------------------------------------------------------------------

[odb:store:info] Database '/home/ggrassi/Dokumente/java/sep/Gymtastic/GymtasticApp/objectdb-2.2.0/jars/db/gymtastic.odb' is opened by 7214@ggrassiPC
[odb:type:warning] Type domain.Squad is not enhanced.
[odb:type:warning] Type domain.Person is not enhanced.
[odb:type:warning] Type domain.Athlet is not enhanced.
[odb:type:warning] Type domain.Association is not enhanced.
[odb:type:warning] Type domain.Mark is not enhanced.
[odb:store:info] Database '/home/ggrassi/Dokumente/java/sep/Gymtastic/GymtasticApp/objectdb-2.2.0/jars/db/gymtastic.odb' is closed by 7214@ggrassiPC
------------------------------------------------------------------------------------------------------------------------

[odb:store:info] Database '/home/ggrassi/Dokumente/java/sep/Gymtastic/GymtasticApp/objectdb-2.2.0/jars/db/gymtastic.odb' is opened by 7243@ggrassiPC
[odb:type:warning] Type domain.Squad is not enhanced.
[odb:type:warning] Type domain.Person is not enhanced.
[odb:type:warning] Type domain.Athlet is not enhanced.
[odb:type:warning] Type domain.Association is not enhanced.
[odb:type:warning] Type domain.Mark is not enhanced.
[odb:store:info] Database '/home/ggrassi/Dokumente/java/sep/Gymtastic/GymtasticApp/objectdb-2.2.0/jars/db/gymtastic.odb' is closed by 7243@ggrassiPC
[odb:store:info] Database '/home/ggrassi/Dokumente/java/sep/Gymtastic/GymtasticApp/objectdb-2.2.0/jars/db/gymtastic.odb' is opened by 7243@ggrassiPC
[odb:store:info] Database '/home/ggrassi/Dokumente/java/sep/Gymtastic/GymtasticApp/objectdb-2.2.0/jars/db/gymtastic.odb' is closed by 7243@ggrassiPC
------------------------------------------------------------------------------------------------------------------------

[odb:store:info] Database '/home/ggrassi/Dokumente/java/sep/Gymtastic/GymtasticApp/objectdb-2.2.0/jars/db/gymtastic.odb' is opened by 7354@ggrassiPC
[odb:type:warning] Type domain.Squad is not enhanced.
[odb:type:warning] Type domain.Person is not enhanced.
[odb:type:warning] Type domain.Athlet is not enhanced.
[odb:type:warning] Type domain.Association is not enhanced.
[odb:type:warning] Type domain.Mark is not enhanced.
[odb:store:info] Database '/home/ggrassi/Dokumente/java/sep/Gymtastic/GymtasticApp/objectdb-2.2.0/jars/db/gymtastic.odb' is closed by 7354@ggrassiPC
[odb:store:info] Database '/home/ggrassi/Dokumente/java/sep/Gymtastic/GymtasticApp/objectdb-2.2.0/jars/db/gymtastic.odb' is opened by 7354@ggrassiPC
[odb:store:info] Database '/home/ggrassi/Dokumente/java/sep/Gymtastic/GymtasticApp/objectdb-2.2.0/jars/db/gymtastic.odb' is closed by 7354@ggrassiPC
