<installation datetime="201103021326">
   <serialNumbers>
      <serialNumber>CodeProServer-00000-0000</serialNumber>
      <serialNumber>Profiler-00000-0000</serialNumber>
      <serialNumber>RCPDeveloper-00000-0000</serialNumber>
      <serialNumber>WindowBuilderPro-00000-0000</serialNumber>
      <serialNumber>WindowTesterPro-00000-0000</serialNumber>
   </serialNumbers>
   <activationKeys>
      <activationKey>CodeProServer-1D0WB-GM08W-MEDUE</activationKey>
      <activationKey>Profiler-1D0WB-GM139-RSB0V</activationKey>
      <activationKey>RCPDeveloper-1D0WB-GM0YY-P9FM4</activationKey>
      <activationKey>WindowBuilderPro-1D0WK-GM0JC-A1GZY</activationKey>
      <activationKey>WindowTesterPro-1D0WB-GM13M-Y4JZM</activationKey>
   </activationKeys>
   <products>
      <product name="Code Coverage"                installed="false" fullyEnabled="false" build="UNKNOWN" />
      <product name="CodePro AnalytiX"             installed="false" fullyEnabled="false" build="UNKNOWN" />
      <product name="CodePro Analytix and PlusPak" installed="false" fullyEnabled="false" build="UNKNOWN" />
      <product name="CodePro PlusPak"              installed="false" fullyEnabled="false" build="UNKNOWN" />
      <product name="CodePro Profiler"             installed="false" fullyEnabled="true"  build="UNKNOWN" />
      <product name="CodePro Server"               installed="false" fullyEnabled="true"  build="UNKNOWN" />
      <product name="EclipsePro Audit"             installed="false" fullyEnabled="false" build="UNKNOWN" />
      <product name="EclipsePro Test"              installed="false" fullyEnabled="false" build="UNKNOWN" />
      <product name="GWT Designer"                 installed="false" fullyEnabled="false" build="UNKNOWN" />
      <product name="Help Composer"                installed="false" fullyEnabled="false" build="UNKNOWN" />
      <product name="RCP Developer"                installed="false" fullyEnabled="true"  build="UNKNOWN" />
      <product name="RCP Packager"                 installed="false" fullyEnabled="false" build="UNKNOWN" />
      <product name="RIM Designer"                 installed="true"  fullyEnabled="true"  build="201009160631" />
      <product name="SWT Designer"                 installed="false" fullyEnabled="false" build="UNKNOWN" />
      <product name="Shared"                       installed="true"  fullyEnabled="true"  build="201009131414" />
      <product name="Swing Designer"               installed="true"  fullyEnabled="true"  build="201009160643" />
      <product name="WindowBuilder"                installed="true"  fullyEnabled="true"  build="201009160631" />
      <product name="WindowTester Pro"             installed="false" fullyEnabled="true"  build="UNKNOWN" />
      <product name="WindowTester Runner"          installed="false" fullyEnabled="false" build="UNKNOWN" />
      <product name="WindowTester SWT"             installed="false" fullyEnabled="false" build="UNKNOWN" />
      <product name="WindowTester SWT Runner"      installed="false" fullyEnabled="false" build="UNKNOWN" />
      <product name="WindowTester Swing"           installed="false" fullyEnabled="false" build="UNKNOWN" />
      <product name="WindowTester Swing Runner"    installed="false" fullyEnabled="false" build="UNKNOWN" />
   </products>
</installation>
