#
# A fatal error has been detected by the Java Runtime Environment:
#
#  SIGSEGV (0xb) at pc=0x6a691942, pid=7143, tid=3063729008
#
# JRE version: 6.0_22-b22
# Java VM: OpenJDK Server VM (20.0-b11 mixed mode linux-x86 )
# Derivative: IcedTea6 1.10.1
# Distribution: Ubuntu Natty (development branch), package 6b22-1.10.1-0ubuntu1
# Problematic frame:
# C  [libfontconfig.so.1+0x1a942]  FcUcs4ToUtf8+0x292
#
# If you would like to submit a bug report, please include
# instructions how to reproduce the bug and visit:
#   https://bugs.launchpad.net/ubuntu/+source/openjdk-6/
# The crash happened outside the Java Virtual Machine in native code.
# See problematic frame for where to report the bug.
#

---------------  T H R E A D  ---------------

Current thread (0x08de1400):  JavaThread "main" [_thread_in_native, id=7148, stack(0xb697c000,0xb69cd000)]

siginfo:si_signo=SIGSEGV: si_errno=0, si_code=1 (SEGV_MAPERR), si_addr=0x00000000

Registers:
EAX=0xb69cabbc, EBX=0x6a6a4ff4, ECX=0x00000073, EDX=0x00000000
ESP=0xb69caba0, EBP=0xb69caba8, ESI=0x00000073, EDI=0x00000003
EIP=0x6a691942, EFLAGS=0x00010246, CR2=0x00000000

Top of Stack: (sp=0xb69caba0)
0xb69caba0:   08f5ee90 00000073 b69cabe8 6a691cee
0xb69cabb0:   b69caca0 08f50c1c b69cac58 00000000
0xb69cabc0:   00000000 00000003 08f5ee90 00000000
0xb69cabd0:   08f5e8f9 b769e7ee b69cac28 c9153500
0xb69cabe0:   b778f3c0 00000003 b69cac58 6a67e610
0xb69cabf0:   08f5e8f8 00000000 6a6a4ff4 6a68efe7
0xb69cac00:   08f501d8 08f4fa18 b69cac58 00000012
0xb69cac10:   00000003 08f5ee90 b778f3c0 00000003 

Instructions: (pc=0x6a691942)
0x6a691922:   e5 56 83 ec 04 8b 10 85 d2 74 12 0f b6 0a 83 c2
0x6a691932:   01 89 10 84 c9 75 31 c7 00 00 00 00 00 8b 50 04
0x6a691942:   0f b6 0a 83 c2 01 89 50 04 0f b6 d1 89 d6 81 e6
0x6a691952:   c0 00 00 00 81 fe c0 00 00 00 74 1a 8d 51 bf 8d 

Register to memory mapping:

EAX=0xb69cabbc is pointing into the stack for thread: 0x08de1400
EBX=0x6a6a4ff4: <offset 0x2dff4> in /usr/lib/i386-linux-gnu/libfontconfig.so.1 at 0x6a677000
ECX=0x00000073 is an unknown value
EDX=0x00000000 is an unknown value
ESP=0xb69caba0 is pointing into the stack for thread: 0x08de1400
EBP=0xb69caba8 is pointing into the stack for thread: 0x08de1400
ESI=0x00000073 is an unknown value
EDI=0x00000003 is an unknown value


Stack: [0xb697c000,0xb69cd000],  sp=0xb69caba0,  free space=314k
Native frames: (J=compiled Java code, j=interpreted, Vv=VM code, C=native code)
C  [libfontconfig.so.1+0x1a942]  FcUcs4ToUtf8+0x292
C  [libfontconfig.so.1+0x1acee]  FcStrCmpIgnoreCase+0x4e
C  [libfontconfig.so.1+0x7610]  FcConfigSetRescanInverval+0x4d0
C  [libfontconfig.so.1+0x8382]  FcConfigSubstituteWithPat+0x192
C  [libfontconfig.so.1+0x88e7]  FcConfigSubstitute+0x27
C  [libmawt.so+0x21489]  Java_sun_font_FontManager_getFontConfig+0x2b9
j  sun.font.FontManager.getFontConfig(Ljava/lang/String;[Lsun/font/FontManager$FontConfigInfo;)V+0
j  sun.font.FontManager.initFontConfigFonts()V+129
j  sun.font.FontManager.getDefaultPlatformFont()[Ljava/lang/String;+108
j  sun.java2d.SunGraphicsEnvironment$2.run()Ljava/lang/Object;+70
v  ~StubRoutines::call_stub
V  [libjvm.so+0x38b9c2]  JavaCalls::call_helper(JavaValue*, methodHandle*, JavaCallArguments*, Thread*)+0x262
V  [libjvm.so+0x522939]  os::os_exception_wrapper(void (*)(JavaValue*, methodHandle*, JavaCallArguments*, Thread*), JavaValue*, methodHandle*, JavaCallArguments*, Thread*)+0x19
V  [libjvm.so+0x38aebf]  JavaCalls::call(JavaValue*, methodHandle, JavaCallArguments*, Thread*)+0x2f
V  [libjvm.so+0x3bfa1e]  JVM_DoPrivileged+0x1fe
C  [libjava.so+0x9c4b]  Java_java_security_AccessController_doPrivileged__Ljava_security_PrivilegedAction_2+0x3b
j  java.security.AccessController.doPrivileged(Ljava/security/PrivilegedAction;)Ljava/lang/Object;+0
j  sun.java2d.SunGraphicsEnvironment.<init>()V+44
j  sun.awt.X11GraphicsEnvironment.<init>()V+1
v  ~StubRoutines::call_stub
V  [libjvm.so+0x38b9c2]  JavaCalls::call_helper(JavaValue*, methodHandle*, JavaCallArguments*, Thread*)+0x262
V  [libjvm.so+0x522939]  os::os_exception_wrapper(void (*)(JavaValue*, methodHandle*, JavaCallArguments*, Thread*), JavaValue*, methodHandle*, JavaCallArguments*, Thread*)+0x19
V  [libjvm.so+0x38aebf]  JavaCalls::call(JavaValue*, methodHandle, JavaCallArguments*, Thread*)+0x2f
V  [libjvm.so+0x57c61c]  Reflection::invoke(instanceKlassHandle, methodHandle, Handle, bool, objArrayHandle, BasicType, objArrayHandle, bool, Thread*)+0x40c
V  [libjvm.so+0x57fa21]  Reflection::invoke_constructor(oopDesc*, objArrayHandle, Thread*)+0x2c1
V  [libjvm.so+0x3ccb59]  JVM_NewInstanceFromConstructor+0x99
C  [libjava.so+0x149db]  Java_sun_reflect_NativeConstructorAccessorImpl_newInstance0+0x2b
j  sun.reflect.NativeConstructorAccessorImpl.newInstance0(Ljava/lang/reflect/Constructor;[Ljava/lang/Object;)Ljava/lang/Object;+0
j  sun.reflect.NativeConstructorAccessorImpl.newInstance([Ljava/lang/Object;)Ljava/lang/Object;+72
j  sun.reflect.DelegatingConstructorAccessorImpl.newInstance([Ljava/lang/Object;)Ljava/lang/Object;+5
j  java.lang.reflect.Constructor.newInstance([Ljava/lang/Object;)Ljava/lang/Object;+92
j  java.lang.Class.newInstance0()Ljava/lang/Object;+118
j  java.lang.Class.newInstance()Ljava/lang/Object;+15
j  java.awt.GraphicsEnvironment.getLocalGraphicsEnvironment()Ljava/awt/GraphicsEnvironment;+27
j  sun.awt.X11.XToolkit.<clinit>()V+107
v  ~StubRoutines::call_stub
V  [libjvm.so+0x38b9c2]  JavaCalls::call_helper(JavaValue*, methodHandle*, JavaCallArguments*, Thread*)+0x262
V  [libjvm.so+0x522939]  os::os_exception_wrapper(void (*)(JavaValue*, methodHandle*, JavaCallArguments*, Thread*), JavaValue*, methodHandle*, JavaCallArguments*, Thread*)+0x19
V  [libjvm.so+0x38aebf]  JavaCalls::call(JavaValue*, methodHandle, JavaCallArguments*, Thread*)+0x2f
V  [libjvm.so+0x3614ee]  instanceKlass::call_class_initializer_impl(instanceKlassHandle, Thread*)+0x8e
V  [libjvm.so+0x361586]  instanceKlass::call_class_initializer(Thread*)+0x46
V  [libjvm.so+0x361773]  instanceKlass::initialize_impl(instanceKlassHandle, Thread*)+0x1a3
V  [libjvm.so+0x361c4b]  instanceKlass::initialize(Thread*)+0x7b
V  [libjvm.so+0x3cabff]  find_class_from_class_loader(JNIEnv_*, symbolHandle, unsigned char, Handle, Handle, unsigned char, Thread*)+0x8f
V  [libjvm.so+0x3cb455]  JVM_FindClassFromClassLoader+0x185
C  [libjava.so+0xa560]  Java_java_lang_Class_forName0+0x120
j  java.lang.Class.forName0(Ljava/lang/String;ZLjava/lang/ClassLoader;)Ljava/lang/Class;+0
j  java.lang.Class.forName(Ljava/lang/String;)Ljava/lang/Class;+5
j  java.awt.Toolkit$2.run()Ljava/lang/Object;+13
v  ~StubRoutines::call_stub
V  [libjvm.so+0x38b9c2]  JavaCalls::call_helper(JavaValue*, methodHandle*, JavaCallArguments*, Thread*)+0x262
V  [libjvm.so+0x522939]  os::os_exception_wrapper(void (*)(JavaValue*, methodHandle*, JavaCallArguments*, Thread*), JavaValue*, methodHandle*, JavaCallArguments*, Thread*)+0x19
V  [libjvm.so+0x38aebf]  JavaCalls::call(JavaValue*, methodHandle, JavaCallArguments*, Thread*)+0x2f
V  [libjvm.so+0x3bfa1e]  JVM_DoPrivileged+0x1fe
C  [libjava.so+0x9c4b]  Java_java_security_AccessController_doPrivileged__Ljava_security_PrivilegedAction_2+0x3b
j  java.security.AccessController.doPrivileged(Ljava/security/PrivilegedAction;)Ljava/lang/Object;+0
j  java.awt.Toolkit.getDefaultToolkit()Ljava/awt/Toolkit;+16
j  javax.swing.UIManager.getSystemLookAndFeelClassName()Ljava/lang/String;+58
j  ch.hsr.gymtastic.server.presentation.frames.ServerFrame.main([Ljava/lang/String;)V+0
v  ~StubRoutines::call_stub
V  [libjvm.so+0x38b9c2]  JavaCalls::call_helper(JavaValue*, methodHandle*, JavaCallArguments*, Thread*)+0x262
V  [libjvm.so+0x522939]  os::os_exception_wrapper(void (*)(JavaValue*, methodHandle*, JavaCallArguments*, Thread*), JavaValue*, methodHandle*, JavaCallArguments*, Thread*)+0x19
V  [libjvm.so+0x38aebf]  JavaCalls::call(JavaValue*, methodHandle, JavaCallArguments*, Thread*)+0x2f
V  [libjvm.so+0x3957f9]  _ZL17jni_invoke_staticP7JNIEnv_P9JavaValueP8_jobject11JNICallTypeP10_jmethodIDP18JNI_ArgumentPusherP6Thread.clone.51+0x219
V  [libjvm.so+0x39e3d7]  jni_CallStaticVoidMethod+0xb7
C  [java+0x2569]  JavaMain+0xe69
C  [libpthread.so.0+0x5e99]  start_thread+0xd9

Java frames: (J=compiled Java code, j=interpreted, Vv=VM code)
j  sun.font.FontManager.getFontConfig(Ljava/lang/String;[Lsun/font/FontManager$FontConfigInfo;)V+0
j  sun.font.FontManager.initFontConfigFonts()V+129
j  sun.font.FontManager.getDefaultPlatformFont()[Ljava/lang/String;+108
j  sun.java2d.SunGraphicsEnvironment$2.run()Ljava/lang/Object;+70
v  ~StubRoutines::call_stub
j  java.security.AccessController.doPrivileged(Ljava/security/PrivilegedAction;)Ljava/lang/Object;+0
j  sun.java2d.SunGraphicsEnvironment.<init>()V+44
j  sun.awt.X11GraphicsEnvironment.<init>()V+1
v  ~StubRoutines::call_stub
j  sun.reflect.NativeConstructorAccessorImpl.newInstance0(Ljava/lang/reflect/Constructor;[Ljava/lang/Object;)Ljava/lang/Object;+0
j  sun.reflect.NativeConstructorAccessorImpl.newInstance([Ljava/lang/Object;)Ljava/lang/Object;+72
j  sun.reflect.DelegatingConstructorAccessorImpl.newInstance([Ljava/lang/Object;)Ljava/lang/Object;+5
j  java.lang.reflect.Constructor.newInstance([Ljava/lang/Object;)Ljava/lang/Object;+92
j  java.lang.Class.newInstance0()Ljava/lang/Object;+118
j  java.lang.Class.newInstance()Ljava/lang/Object;+15
j  java.awt.GraphicsEnvironment.getLocalGraphicsEnvironment()Ljava/awt/GraphicsEnvironment;+27
j  sun.awt.X11.XToolkit.<clinit>()V+107
v  ~StubRoutines::call_stub
j  java.lang.Class.forName0(Ljava/lang/String;ZLjava/lang/ClassLoader;)Ljava/lang/Class;+0
j  java.lang.Class.forName(Ljava/lang/String;)Ljava/lang/Class;+5
j  java.awt.Toolkit$2.run()Ljava/lang/Object;+13
v  ~StubRoutines::call_stub
j  java.security.AccessController.doPrivileged(Ljava/security/PrivilegedAction;)Ljava/lang/Object;+0
j  java.awt.Toolkit.getDefaultToolkit()Ljava/awt/Toolkit;+16
j  javax.swing.UIManager.getSystemLookAndFeelClassName()Ljava/lang/String;+58
j  ch.hsr.gymtastic.server.presentation.frames.ServerFrame.main([Ljava/lang/String;)V+0
v  ~StubRoutines::call_stub

---------------  P R O C E S S  ---------------

Java Threads: ( => current thread )
  0x08f4a000 JavaThread "Java2D Disposer" daemon [_thread_blocked, id=7161, stack(0x6a6a6000,0x6a6f7000)]
  0x08ea8000 JavaThread "Low Memory Detector" daemon [_thread_blocked, id=7159, stack(0x6aabb000,0x6ab0c000)]
  0x08ea5000 JavaThread "C2 CompilerThread1" daemon [_thread_blocked, id=7158, stack(0x6ab0c000,0x6ab8d000)]
  0x08ea2800 JavaThread "C2 CompilerThread0" daemon [_thread_blocked, id=7157, stack(0x6ab8d000,0x6ac0e000)]
  0x08ea1400 JavaThread "Signal Dispatcher" daemon [_thread_blocked, id=7156, stack(0x6ac0e000,0x6ac5f000)]
  0x08e91800 JavaThread "Finalizer" daemon [_thread_blocked, id=7155, stack(0x6af7f000,0x6afd0000)]
  0x08e8cc00 JavaThread "Reference Handler" daemon [_thread_blocked, id=7154, stack(0x6afd0000,0x6b021000)]
=>0x08de1400 JavaThread "main" [_thread_in_native, id=7148, stack(0xb697c000,0xb69cd000)]

Other Threads:
  0x08e89000 VMThread [stack: 0x6b021000,0x6b0a2000] [id=7153]
  0x08ea9c00 WatcherThread [stack: 0x6aa3a000,0x6aabb000] [id=7160]

VM state:not at safepoint (normal execution)

VM Mutex/Monitor currently owned by a thread: None

Heap
 PSYoungGen      total 19136K, used 658K [0x9e2f0000, 0x9f840000, 0xb3840000)
  eden space 16448K, 4% used [0x9e2f0000,0x9e3949e0,0x9f300000)
  from space 2688K, 0% used [0x9f5a0000,0x9f5a0000,0x9f840000)
  to   space 2688K, 0% used [0x9f300000,0x9f300000,0x9f5a0000)
 PSOldGen        total 43712K, used 0K [0x73840000, 0x762f0000, 0x9e2f0000)
  object space 43712K, 0% used [0x73840000,0x73840000,0x762f0000)
 PSPermGen       total 16384K, used 3734K [0x6b840000, 0x6c840000, 0x73840000)
  object space 16384K, 22% used [0x6b840000,0x6bbe5b10,0x6c840000)

Code Cache  [0xb3905000, 0xb3b45000, 0xb6905000)
 total_blobs=140 nmethods=1 adapters=94 free_code_cache=50022272 largest_free_block=6208

Dynamic libraries:
08048000-08051000 r-xp 00000000 08:01 25561670   /usr/lib/jvm/java-6-openjdk/jre/bin/java
08051000-08052000 r-xp 00008000 08:01 25561670   /usr/lib/jvm/java-6-openjdk/jre/bin/java
08052000-08053000 rwxp 00009000 08:01 25561670   /usr/lib/jvm/java-6-openjdk/jre/bin/java
08dda000-08f85000 rwxp 00000000 00:00 0          [heap]
6a5ea000-6a5eb000 r-xs 00000000 08:01 25952795   /var/cache/fontconfig/26de28bc8622bbc1fb67fd234c21975f-le32d4.cache-3
6a5eb000-6a5ec000 r-xs 00000000 08:01 25952802   /var/cache/fontconfig/c05880de57d1f5e948fdfacc138775d9-le32d4.cache-3
6a5ec000-6a5f2000 r-xs 00000000 08:01 25952800   /var/cache/fontconfig/945677eb7aeaf62f1d50efc3fb3ec7d8-le32d4.cache-3
6a5f2000-6a5f4000 r-xs 00000000 08:01 25952770   /var/cache/fontconfig/99e8ed0e538f840c565b6ed5dad60d56-le32d4.cache-3
6a5f4000-6a5f7000 r-xs 00000000 08:01 25952798   /var/cache/fontconfig/e383d7ea5fbe662a33d9b44caf393297-le32d4.cache-3
6a5f7000-6a5fc000 r-xs 00000000 08:01 25952797   /var/cache/fontconfig/401a5dd6b567794a1d18dd9342dfa604-le32d4.cache-3
6a5fc000-6a5fe000 r-xs 00000000 08:01 25952796   /var/cache/fontconfig/2cd17615ca594fa2959ae173292e504c-le32d4.cache-3
6a5fe000-6a5ff000 r-xs 00000000 08:01 25952793   /var/cache/fontconfig/e7071f4a29fa870f4323321c154eba04-le32d4.cache-3
6a5ff000-6a602000 r-xs 00000000 08:01 25952792   /var/cache/fontconfig/6eb3985aa4124903f6ff08ba781cd364-le32d4.cache-3
6a602000-6a603000 r-xs 00000000 08:01 25952791   /var/cache/fontconfig/4c73fe0c47614734b17d736dbde7580a-le32d4.cache-3
6a603000-6a604000 r-xs 00000000 08:01 25952790   /var/cache/fontconfig/0d8c3b2ac0904cb8a57a757ad11a4a08-le32d4.cache-3
6a604000-6a605000 r-xs 00000000 08:01 25952789   /var/cache/fontconfig/6a53c69dea097a2d716e069445527da8-le32d4.cache-3
6a605000-6a609000 r-xs 00000000 08:01 25952769   /var/cache/fontconfig/a755afe4a08bf5b97852ceb7400b47bc-le32d4.cache-3
6a609000-6a60d000 r-xs 00000000 08:01 25952788   /var/cache/fontconfig/515ca1ebc4b18308bea979be5704f9db-le32d4.cache-3
6a60d000-6a614000 r-xs 00000000 08:01 25952787   /var/cache/fontconfig/6d41288fd70b0be22e8c3a91e032eec0-le32d4.cache-3
6a614000-6a61f000 r-xs 00000000 08:01 25952786   /var/cache/fontconfig/0f34bcd4b6ee430af32735b75db7f02b-le32d4.cache-3
6a61f000-6a622000 r-xs 00000000 08:01 25952785   /var/cache/fontconfig/d60319d88cac85ba9e1a07bd06cfbb8c-le32d4.cache-3
6a622000-6a623000 r-xs 00000000 08:01 25954062   /var/cache/fontconfig/4794a0821666d79190d59a36cb4f44b5-le32d4.cache-3
6a623000-6a645000 r-xs 00000000 08:01 25952784   /var/cache/fontconfig/365b55f210c0a22e9a19e35191240f32-le32d4.cache-3
6a645000-6a64d000 r-xs 00000000 08:01 25952783   /var/cache/fontconfig/d52a8644073d54c13679302ca1180695-le32d4.cache-3
6a64d000-6a673000 r-xp 00000000 08:01 14155815   /lib/i386-linux-gnu/libexpat.so.1.5.2
6a673000-6a674000 ---p 00026000 08:01 14155815   /lib/i386-linux-gnu/libexpat.so.1.5.2
6a674000-6a676000 r-xp 00026000 08:01 14155815   /lib/i386-linux-gnu/libexpat.so.1.5.2
6a676000-6a677000 rwxp 00028000 08:01 14155815   /lib/i386-linux-gnu/libexpat.so.1.5.2
6a677000-6a6a4000 r-xp 00000000 08:01 25169504   /usr/lib/i386-linux-gnu/libfontconfig.so.1.4.4
6a6a4000-6a6a5000 r-xp 0002c000 08:01 25169504   /usr/lib/i386-linux-gnu/libfontconfig.so.1.4.4
6a6a5000-6a6a6000 rwxp 0002d000 08:01 25169504   /usr/lib/i386-linux-gnu/libfontconfig.so.1.4.4
6a6a6000-6a6a9000 ---p 00000000 00:00 0 
6a6a9000-6a6f7000 rwxp 00000000 00:00 0 
6a6f7000-6a778000 r-xp 00000000 08:01 25169816   /usr/lib/i386-linux-gnu/libfreetype.so.6.6.2
6a778000-6a77c000 r-xp 00080000 08:01 25169816   /usr/lib/i386-linux-gnu/libfreetype.so.6.6.2
6a77c000-6a77d000 rwxp 00084000 08:01 25169816   /usr/lib/i386-linux-gnu/libfreetype.so.6.6.2
6a77d000-6a7b5000 r-xp 00000000 08:01 26738944   /usr/lib/jvm/java-6-openjdk/jre/lib/i386/libfontmanager.so
6a7b5000-6a7b6000 ---p 00038000 08:01 26738944   /usr/lib/jvm/java-6-openjdk/jre/lib/i386/libfontmanager.so
6a7b6000-6a7b7000 r-xp 00038000 08:01 26738944   /usr/lib/jvm/java-6-openjdk/jre/lib/i386/libfontmanager.so
6a7b7000-6a7b8000 rwxp 00039000 08:01 26738944   /usr/lib/jvm/java-6-openjdk/jre/lib/i386/libfontmanager.so
6a7b8000-6a7bc000 r-xp 00000000 08:01 25165964   /usr/lib/i386-linux-gnu/libXdmcp.so.6.0.0
6a7bc000-6a7bd000 r-xp 00003000 08:01 25165964   /usr/lib/i386-linux-gnu/libXdmcp.so.6.0.0
6a7bd000-6a7be000 rwxp 00004000 08:01 25165964   /usr/lib/i386-linux-gnu/libXdmcp.so.6.0.0
6a7be000-6a7c0000 r-xp 00000000 08:01 25165960   /usr/lib/i386-linux-gnu/libXau.so.6.0.0
6a7c0000-6a7c1000 r-xp 00001000 08:01 25165960   /usr/lib/i386-linux-gnu/libXau.so.6.0.0
6a7c1000-6a7c2000 rwxp 00002000 08:01 25165960   /usr/lib/i386-linux-gnu/libXau.so.6.0.0
6a7c2000-6a7d9000 r-xp 00000000 08:01 25165968   /usr/lib/i386-linux-gnu/libxcb.so.1.1.0
6a7d9000-6a7da000 r-xp 00016000 08:01 25165968   /usr/lib/i386-linux-gnu/libxcb.so.1.1.0
6a7da000-6a7db000 rwxp 00017000 08:01 25165968   /usr/lib/i386-linux-gnu/libxcb.so.1.1.0
6a7db000-6a7e8000 r-xp 00000000 08:01 25165909   /usr/lib/i386-linux-gnu/libXi.so.6.1.0
6a7e8000-6a7e9000 r-xp 0000c000 08:01 25165909   /usr/lib/i386-linux-gnu/libXi.so.6.1.0
6a7e9000-6a7ea000 rwxp 0000d000 08:01 25165909   /usr/lib/i386-linux-gnu/libXi.so.6.1.0
6a7ea000-6a7ee000 r-xp 00000000 08:01 24906498   /usr/lib/libXtst.so.6.1.0
6a7ee000-6a7ef000 r-xp 00003000 08:01 24906498   /usr/lib/libXtst.so.6.1.0
6a7ef000-6a7f0000 rwxp 00004000 08:01 24906498   /usr/lib/libXtst.so.6.1.0
6a7f0000-6a7f8000 r-xp 00000000 08:01 25169822   /usr/lib/i386-linux-gnu/libXrender.so.1.3.0
6a7f8000-6a7f9000 r-xp 00007000 08:01 25169822   /usr/lib/i386-linux-gnu/libXrender.so.1.3.0
6a7f9000-6a7fa000 rwxp 00008000 08:01 25169822   /usr/lib/i386-linux-gnu/libXrender.so.1.3.0
6a7fa000-6a910000 r-xp 00000000 08:01 25165972   /usr/lib/i386-linux-gnu/libX11.so.6.3.0
6a910000-6a911000 ---p 00116000 08:01 25165972   /usr/lib/i386-linux-gnu/libX11.so.6.3.0
6a911000-6a912000 r-xp 00116000 08:01 25165972   /usr/lib/i386-linux-gnu/libX11.so.6.3.0
6a912000-6a914000 rwxp 00117000 08:01 25165972   /usr/lib/i386-linux-gnu/libX11.so.6.3.0
6a914000-6a915000 rwxp 00000000 00:00 0 
6a915000-6a922000 r-xp 00000000 08:01 25165974   /usr/lib/i386-linux-gnu/libXext.so.6.4.0
6a922000-6a923000 r-xp 0000c000 08:01 25165974   /usr/lib/i386-linux-gnu/libXext.so.6.4.0
6a923000-6a924000 rwxp 0000d000 08:01 25165974   /usr/lib/i386-linux-gnu/libXext.so.6.4.0
6a92b000-6a933000 r-xs 00000000 08:01 25952768   /var/cache/fontconfig/e13b20fdb08344e0e664864cc2ede53d-le32d4.cache-3
6a933000-6a936000 r-xs 00000000 08:01 25952782   /var/cache/fontconfig/7ef2298fde41cc6eeb7af42e48b7d293-le32d4.cache-3
6a936000-6a979000 r-xp 00000000 08:01 26739072   /usr/lib/jvm/java-6-openjdk/jre/lib/i386/xawt/libmawt.so
6a979000-6a97a000 r-xp 00042000 08:01 26739072   /usr/lib/jvm/java-6-openjdk/jre/lib/i386/xawt/libmawt.so
6a97a000-6a97c000 rwxp 00043000 08:01 26739072   /usr/lib/jvm/java-6-openjdk/jre/lib/i386/xawt/libmawt.so
6a97c000-6a97d000 rwxp 00000000 00:00 0 
6a97d000-6aa06000 r-xp 00000000 08:01 26738940   /usr/lib/jvm/java-6-openjdk/jre/lib/i386/libawt.so
6aa06000-6aa07000 r-xp 00088000 08:01 26738940   /usr/lib/jvm/java-6-openjdk/jre/lib/i386/libawt.so
6aa07000-6aa0e000 rwxp 00089000 08:01 26738940   /usr/lib/jvm/java-6-openjdk/jre/lib/i386/libawt.so
6aa0e000-6aa32000 rwxp 00000000 00:00 0 
6aa32000-6aa3a000 r-xs 00066000 08:01 25302807   /usr/share/java/gnome-java-bridge.jar
6aa3a000-6aa3b000 ---p 00000000 00:00 0 
6aa3b000-6aabb000 rwxp 00000000 00:00 0 
6aabb000-6aabe000 ---p 00000000 00:00 0 
6aabe000-6ab0c000 rwxp 00000000 00:00 0 
6ab0c000-6ab0f000 ---p 00000000 00:00 0 
6ab0f000-6ab8d000 rwxp 00000000 00:00 0 
6ab8d000-6ab90000 ---p 00000000 00:00 0 
6ab90000-6ac0e000 rwxp 00000000 00:00 0 
6ac0e000-6ac11000 ---p 00000000 00:00 0 
6ac11000-6ac5f000 rwxp 00000000 00:00 0 
6ac5f000-6ad7f000 r-xp 00178000 08:01 24904071   /usr/lib/locale/locale-archive
6ad7f000-6af7f000 r-xp 00000000 08:01 24904071   /usr/lib/locale/locale-archive
6af7f000-6af82000 ---p 00000000 00:00 0 
6af82000-6afd0000 rwxp 00000000 00:00 0 
6afd0000-6afd3000 ---p 00000000 00:00 0 
6afd3000-6b021000 rwxp 00000000 00:00 0 
6b021000-6b022000 ---p 00000000 00:00 0 
6b022000-6b0d5000 rwxp 00000000 00:00 0 
6b0d5000-6b265000 r-xs 037af000 08:01 25299712   /usr/lib/jvm/java-6-openjdk/jre/lib/rt.jar
6b265000-6b266000 ---p 00000000 00:00 0 
6b266000-6b2e6000 rwxp 00000000 00:00 0 
6b2e6000-6b2e7000 ---p 00000000 00:00 0 
6b2e7000-6b367000 rwxp 00000000 00:00 0 
6b367000-6b368000 ---p 00000000 00:00 0 
6b368000-6b3e8000 rwxp 00000000 00:00 0 
6b3e8000-6b3e9000 ---p 00000000 00:00 0 
6b3e9000-6b471000 rwxp 00000000 00:00 0 
6b471000-6b4a9000 rwxp 00000000 00:00 0 
6b4a9000-6b4bf000 rwxp 00000000 00:00 0 
6b4bf000-6b5ff000 rwxp 00000000 00:00 0 
6b5ff000-6b607000 rwxp 00000000 00:00 0 
6b607000-6b63f000 rwxp 00000000 00:00 0 
6b63f000-6b655000 rwxp 00000000 00:00 0 
6b655000-6b794000 rwxp 00000000 00:00 0 
6b794000-6b79f000 rwxp 00000000 00:00 0 
6b79f000-6b83f000 rwxp 00000000 00:00 0 
6b83f000-6c840000 rwxp 00000000 00:00 0 
6c840000-73840000 rwxp 00000000 00:00 0 
73840000-762f0000 rwxp 00000000 00:00 0 
762f0000-9e2f0000 rwxp 00000000 00:00 0 
9e2f0000-9f840000 rwxp 00000000 00:00 0 
9f840000-b3840000 rwxp 00000000 00:00 0 
b3842000-b3845000 r-xs 0000f000 08:01 25299688   /usr/lib/jvm/java-6-openjdk/jre/lib/ext/pulse-java.jar
b3845000-b384e000 rwxp 00000000 00:00 0 
b384e000-b3905000 rwxp 00000000 00:00 0 
b3905000-b3b45000 rwxp 00000000 00:00 0 
b3b45000-b6905000 rwxp 00000000 00:00 0 
b6905000-b690f000 r-xp 00000000 08:01 14156972   /lib/i386-linux-gnu/libnss_files-2.13.so
b690f000-b6910000 r-xp 00009000 08:01 14156972   /lib/i386-linux-gnu/libnss_files-2.13.so
b6910000-b6911000 rwxp 0000a000 08:01 14156972   /lib/i386-linux-gnu/libnss_files-2.13.so
b6911000-b691a000 r-xp 00000000 08:01 14156182   /lib/i386-linux-gnu/libnss_nis-2.13.so
b691a000-b691b000 r-xp 00008000 08:01 14156182   /lib/i386-linux-gnu/libnss_nis-2.13.so
b691b000-b691c000 rwxp 00009000 08:01 14156182   /lib/i386-linux-gnu/libnss_nis-2.13.so
b691c000-b6922000 r-xp 00000000 08:01 14156185   /lib/i386-linux-gnu/libnss_compat-2.13.so
b6922000-b6923000 r-xp 00005000 08:01 14156185   /lib/i386-linux-gnu/libnss_compat-2.13.so
b6923000-b6924000 rwxp 00006000 08:01 14156185   /lib/i386-linux-gnu/libnss_compat-2.13.so
b6924000-b6937000 r-xp 00000000 08:01 14156177   /lib/i386-linux-gnu/libnsl-2.13.so
b6937000-b6938000 r-xp 00012000 08:01 14156177   /lib/i386-linux-gnu/libnsl-2.13.so
b6938000-b6939000 rwxp 00013000 08:01 14156177   /lib/i386-linux-gnu/libnsl-2.13.so
b6939000-b693b000 rwxp 00000000 00:00 0 
b693d000-b6943000 r-xp 00000000 08:01 26739035   /usr/lib/jvm/java-6-openjdk/jre/lib/i386/libzip.so
b6943000-b6944000 r-xp 00005000 08:01 26739035   /usr/lib/jvm/java-6-openjdk/jre/lib/i386/libzip.so
b6944000-b6945000 rwxp 00006000 08:01 26739035   /usr/lib/jvm/java-6-openjdk/jre/lib/i386/libzip.so
b6945000-b694d000 rwxs 00000000 08:01 4587626    /tmp/hsperfdata_ggrassi/7143
b694d000-b6970000 r-xp 00000000 08:01 26738958   /usr/lib/jvm/java-6-openjdk/jre/lib/i386/libjava.so
b6970000-b6971000 r-xp 00022000 08:01 26738958   /usr/lib/jvm/java-6-openjdk/jre/lib/i386/libjava.so
b6971000-b6973000 rwxp 00023000 08:01 26738958   /usr/lib/jvm/java-6-openjdk/jre/lib/i386/libjava.so
b6973000-b697a000 r-xp 00000000 08:01 14156173   /lib/i386-linux-gnu/librt-2.13.so
b697a000-b697b000 r-xp 00006000 08:01 14156173   /lib/i386-linux-gnu/librt-2.13.so
b697b000-b697c000 rwxp 00007000 08:01 14156173   /lib/i386-linux-gnu/librt-2.13.so
b697c000-b697f000 ---p 00000000 00:00 0 
b697f000-b69cd000 rwxp 00000000 00:00 0 
b69cd000-b69e7000 r-xp 00000000 08:01 14155797   /lib/i386-linux-gnu/libgcc_s.so.1
b69e7000-b69e8000 r-xp 00019000 08:01 14155797   /lib/i386-linux-gnu/libgcc_s.so.1
b69e8000-b69e9000 rwxp 0001a000 08:01 14155797   /lib/i386-linux-gnu/libgcc_s.so.1
b69e9000-b6a0d000 r-xp 00000000 08:01 14156968   /lib/i386-linux-gnu/libm-2.13.so
b6a0d000-b6a0e000 r-xp 00023000 08:01 14156968   /lib/i386-linux-gnu/libm-2.13.so
b6a0e000-b6a0f000 rwxp 00024000 08:01 14156968   /lib/i386-linux-gnu/libm-2.13.so
b6a0f000-b6aee000 r-xp 00000000 08:01 25165904   /usr/lib/i386-linux-gnu/libstdc++.so.6.0.14
b6aee000-b6af2000 r-xp 000de000 08:01 25165904   /usr/lib/i386-linux-gnu/libstdc++.so.6.0.14
b6af2000-b6af3000 rwxp 000e2000 08:01 25165904   /usr/lib/i386-linux-gnu/libstdc++.so.6.0.14
b6af3000-b6afa000 rwxp 00000000 00:00 0 
b6afa000-b71c0000 r-xp 00000000 08:01 26739037   /usr/lib/jvm/java-6-openjdk/jre/lib/i386/server/libjvm.so
b71c0000-b71c1000 ---p 006c6000 08:01 26739037   /usr/lib/jvm/java-6-openjdk/jre/lib/i386/server/libjvm.so
b71c1000-b7206000 r-xp 006c6000 08:01 26739037   /usr/lib/jvm/java-6-openjdk/jre/lib/i386/server/libjvm.so
b7206000-b7215000 rwxp 0070b000 08:01 26739037   /usr/lib/jvm/java-6-openjdk/jre/lib/i386/server/libjvm.so
b7215000-b7631000 rwxp 00000000 00:00 0 
b7631000-b778b000 r-xp 00000000 08:01 14155854   /lib/i386-linux-gnu/libc-2.13.so
b778b000-b778c000 ---p 0015a000 08:01 14155854   /lib/i386-linux-gnu/libc-2.13.so
b778c000-b778e000 r-xp 0015a000 08:01 14155854   /lib/i386-linux-gnu/libc-2.13.so
b778e000-b778f000 rwxp 0015c000 08:01 14155854   /lib/i386-linux-gnu/libc-2.13.so
b778f000-b7792000 rwxp 00000000 00:00 0 
b7792000-b7794000 r-xp 00000000 08:01 14156965   /lib/i386-linux-gnu/libdl-2.13.so
b7794000-b7795000 r-xp 00001000 08:01 14156965   /lib/i386-linux-gnu/libdl-2.13.so
b7795000-b7796000 rwxp 00002000 08:01 14156965   /lib/i386-linux-gnu/libdl-2.13.so
b7796000-b7799000 r-xp 00000000 08:01 26738934   /usr/lib/jvm/java-6-openjdk/jre/lib/i386/jli/libjli.so
b7799000-b779a000 r-xp 00002000 08:01 26738934   /usr/lib/jvm/java-6-openjdk/jre/lib/i386/jli/libjli.so
b779a000-b779b000 rwxp 00003000 08:01 26738934   /usr/lib/jvm/java-6-openjdk/jre/lib/i386/jli/libjli.so
b779b000-b77b0000 r-xp 00000000 08:01 14156963   /lib/i386-linux-gnu/libpthread-2.13.so
b77b0000-b77b1000 r-xp 00015000 08:01 14156963   /lib/i386-linux-gnu/libpthread-2.13.so
b77b1000-b77b2000 rwxp 00016000 08:01 14156963   /lib/i386-linux-gnu/libpthread-2.13.so
b77b2000-b77b5000 rwxp 00000000 00:00 0 
b77b5000-b77c8000 r-xp 00000000 08:01 14155818   /lib/i386-linux-gnu/libz.so.1.2.3.4
b77c8000-b77c9000 r-xp 00012000 08:01 14155818   /lib/i386-linux-gnu/libz.so.1.2.3.4
b77c9000-b77ca000 rwxp 00013000 08:01 14155818   /lib/i386-linux-gnu/libz.so.1.2.3.4
b77cc000-b77cd000 rwxp 00000000 00:00 0 
b77cd000-b77ce000 r-xp 00000000 00:00 0 
b77ce000-b77d9000 r-xp 00000000 08:01 26739033   /usr/lib/jvm/java-6-openjdk/jre/lib/i386/libverify.so
b77d9000-b77da000 ---p 0000b000 08:01 26739033   /usr/lib/jvm/java-6-openjdk/jre/lib/i386/libverify.so
b77da000-b77db000 r-xp 0000b000 08:01 26739033   /usr/lib/jvm/java-6-openjdk/jre/lib/i386/libverify.so
b77db000-b77dc000 rwxp 0000c000 08:01 26739033   /usr/lib/jvm/java-6-openjdk/jre/lib/i386/libverify.so
b77dc000-b77de000 rwxp 00000000 00:00 0 
b77de000-b77df000 r-xp 00000000 00:00 0          [vdso]
b77df000-b77fb000 r-xp 00000000 08:01 14156969   /lib/i386-linux-gnu/ld-2.13.so
b77fb000-b77fc000 r-xp 0001b000 08:01 14156969   /lib/i386-linux-gnu/ld-2.13.so
b77fc000-b77fd000 rwxp 0001c000 08:01 14156969   /lib/i386-linux-gnu/ld-2.13.so
bf7fb000-bf81c000 rw-p 00000000 00:00 0          [stack]

VM Arguments:
jvm_args: -Dfile.encoding=UTF-8 
java_command: ch.hsr.gymtastic.server.presentation.frames.ServerFrame
Launcher Type: SUN_STANDARD

Environment Variables:
PATH=/usr/local/sbin:/usr/local/bin:/usr/sbin:/usr/bin:/sbin:/bin:/usr/games
USERNAME=ggrassi
LD_LIBRARY_PATH=/usr/lib/jvm/java-6-openjdk/jre/lib/i386/server:/usr/lib/jvm/java-6-openjdk/jre/lib/i386:/usr/lib/jvm/java-6-openjdk/jre/../lib/i386:/usr/lib/jvm/java-6-openjdk/jre/lib/i386/client:/usr/lib/jvm/java-6-openjdk/jre/lib/i386:/usr/lib/xulrunner-1.9.2.17:/usr/lib/xulrunner-1.9.2.17
SHELL=/bin/bash
DISPLAY=:0.0

Signal Handlers:
SIGSEGV: [libjvm.so+0x656ec0], sa_mask[0]=0x7ffbfeff, sa_flags=0x10000004
SIGBUS: [libjvm.so+0x656ec0], sa_mask[0]=0x7ffbfeff, sa_flags=0x10000004
SIGFPE: [libjvm.so+0x51d3e0], sa_mask[0]=0x7ffbfeff, sa_flags=0x10000004
SIGPIPE: [libjvm.so+0x51d3e0], sa_mask[0]=0x7ffbfeff, sa_flags=0x10000004
SIGXFSZ: [libjvm.so+0x51d3e0], sa_mask[0]=0x7ffbfeff, sa_flags=0x10000004
SIGILL: [libjvm.so+0x51d3e0], sa_mask[0]=0x7ffbfeff, sa_flags=0x10000004
SIGUSR1: SIG_DFL, sa_mask[0]=0x00000000, sa_flags=0x00000000
SIGUSR2: [libjvm.so+0x51d250], sa_mask[0]=0x00000004, sa_flags=0x10000004
SIGHUP: [libjvm.so+0x520040], sa_mask[0]=0x7ffbfeff, sa_flags=0x10000004
SIGINT: [libjvm.so+0x520040], sa_mask[0]=0x7ffbfeff, sa_flags=0x10000004
SIGTERM: [libjvm.so+0x520040], sa_mask[0]=0x7ffbfeff, sa_flags=0x10000004
SIGQUIT: [libjvm.so+0x520040], sa_mask[0]=0x7ffbfeff, sa_flags=0x10000004


---------------  S Y S T E M  ---------------

OS:Ubuntu 11.04 (natty)
uname:Linux 2.6.38-9-generic-pae #43-Ubuntu SMP Thu Apr 28 17:12:11 UTC 2011 i686
libc:glibc 2.13 NPTL 2.13 
rlimit: STACK 8192k, CORE 0k, NPROC infinity, NOFILE 4096, AS infinity
load average:1.05 1.03 1.05

/proc/meminfo:
MemTotal:        8050336 kB
MemFree:         5795372 kB
Buffers:          164144 kB
Cached:          1241552 kB
SwapCached:            0 kB
Active:          1146292 kB
Inactive:         971700 kB
Active(anon):     713740 kB
Inactive(anon):   107396 kB
Active(file):     432552 kB
Inactive(file):   864304 kB
Unevictable:          16 kB
Mlocked:              16 kB
HighTotal:       7266372 kB
HighFree:        5290024 kB
LowTotal:         783964 kB
LowFree:          505348 kB
SwapTotal:      19802108 kB
SwapFree:       19802108 kB
Dirty:               144 kB
Writeback:             0 kB
AnonPages:        712236 kB
Mapped:           204600 kB
Shmem:            108852 kB
Slab:              75684 kB
SReclaimable:      48128 kB
SUnreclaim:        27556 kB
KernelStack:        3520 kB
PageTables:         9260 kB
NFS_Unstable:          0 kB
Bounce:                0 kB
WritebackTmp:          0 kB
CommitLimit:    23827276 kB
Committed_AS:    2839236 kB
VmallocTotal:     122880 kB
VmallocUsed:       37028 kB
VmallocChunk:      72572 kB
HardwareCorrupted:     0 kB
HugePages_Total:       0
HugePages_Free:        0
HugePages_Rsvd:        0
HugePages_Surp:        0
Hugepagesize:       2048 kB
DirectMap4k:       12280 kB
DirectMap2M:      901120 kB


CPU:total 4 (2 cores per cpu, 2 threads per core) family 6 model 37 stepping 5, cmov, cx8, fxsr, mmx, sse, sse2, sse3, ssse3, sse4.1, sse4.2, popcnt, ht

Memory: 4k page, physical 8050336k(5795372k free), swap 19802108k(19802108k free)

vm_info: OpenJDK Server VM (20.0-b11) for linux-x86 JRE (1.6.0_22-b22), built on Apr  5 2011 14:11:46 by "buildd" with gcc 4.5.2

time: Wed May 18 14:40:33 2011
elapsed time: 0 seconds

